\BOOKMARK [1][-]{section.1}{\376\377\213\315\213\355}{}% 1
\BOOKMARK [2][-]{subsection.1.1}{\376\377\213\315\174\173}{section.1}% 2
\BOOKMARK [2][-]{subsection.1.2}{\376\377\155\076\165\037\147\204\213\315\154\325\000-\122\115\177\000}{section.1}% 3
\BOOKMARK [2][-]{subsection.1.3}{\376\377\155\076\165\037\147\204\213\315\154\325\000-\124\016\177\000}{section.1}% 4
\BOOKMARK [2][-]{subsection.1.4}{\376\377\217\154\123\026\147\204\213\315\154\325}{section.1}% 5
\BOOKMARK [3][-]{subsubsection.1.4.1}{\376\377\122\250\213\315\217\154\123\026\116\072\124\015\213\315}{subsection.1.4}% 6
\BOOKMARK [3][-]{subsubsection.1.4.2}{\376\377\124\015\213\315\217\154\123\026\116\072\122\250\213\315}{subsection.1.4}% 7
\BOOKMARK [3][-]{subsubsection.1.4.3}{\376\377\137\142\133\271\213\315\217\154\123\026\116\072\122\250\213\315}{subsection.1.4}% 8
\BOOKMARK [3][-]{subsubsection.1.4.4}{\376\377\137\142\133\271\213\315\217\154\123\026\116\072\122\157\213\315}{subsection.1.4}% 9
\BOOKMARK [3][-]{subsubsection.1.4.5}{\376\377\137\142\133\271\213\315\217\154\123\026\116\072\124\015\213\315}{subsection.1.4}% 10
\BOOKMARK [3][-]{subsubsection.1.4.6}{\376\377\213\315\174\173\217\154\123\026\116\055\166\204\142\374\121\231\123\330\123\026}{subsection.1.4}% 11
\BOOKMARK [2][-]{subsection.1.5}{\376\377\124\010\142\020\147\204\213\315\154\325}{section.1}% 12
\BOOKMARK [1][-]{section.2}{\376\377\123\345\133\120}{}% 13
\BOOKMARK [2][-]{subsection.2.1}{\376\377\123\345\133\120\142\020\122\006}{section.2}% 14
\BOOKMARK [3][-]{subsubsection.2.1.1}{\376\377\116\073\213\355\000\040\000\040\133\276\213\355}{subsection.2.1}% 15
\BOOKMARK [3][-]{subsubsection.2.1.2}{\376\377\214\023\213\355}{subsection.2.1}% 16
\BOOKMARK [3][-]{subsubsection.2.1.3}{\376\377\133\232\213\355\000\040\000\040\162\266\213\355}{subsection.2.1}% 17
\BOOKMARK [3][-]{subsubsection.2.1.4}{\376\377\210\145\213\355}{subsection.2.1}% 18
\BOOKMARK [2][-]{subsection.2.2}{\376\377\123\345\133\120\174\173\127\213}{section.2}% 19
\BOOKMARK [3][-]{subsubsection.2.2.1}{\376\377\123\345\127\213\000S\000V}{subsection.2.2}% 20
\BOOKMARK [3][-]{subsubsection.2.2.2}{\376\377\123\345\127\213\000S\000V\000A}{subsection.2.2}% 21
\BOOKMARK [3][-]{subsubsection.2.2.3}{\376\377\123\345\127\213\000S\000V\000C}{subsection.2.2}% 22
\BOOKMARK [3][-]{subsubsection.2.2.4}{\376\377\123\345\127\213\000S\000V\000O}{subsection.2.2}% 23
\BOOKMARK [3][-]{subsubsection.2.2.5}{\376\377\123\345\127\213\000S\000V\000O\000A}{subsection.2.2}% 24
\BOOKMARK [3][-]{subsubsection.2.2.6}{\376\377\123\345\127\213\000S\000V\000O\000O}{subsection.2.2}% 25
\BOOKMARK [3][-]{subsubsection.2.2.7}{\376\377\123\345\127\213\000S\000V\000O\000C}{subsection.2.2}% 26
\BOOKMARK [3][-]{subsubsection.2.2.8}{\376\377\121\163\116\216\124\053\147\011\162\266\213\355\166\204\123\345\127\213}{subsection.2.2}% 27
\BOOKMARK [2][-]{subsection.2.3}{\376\377\123\345\133\120\213\355\136\217}{section.2}% 28
\BOOKMARK [3][-]{subsubsection.2.3.1}{\376\377\214\023\213\355\122\250\213\315\116\072\167\355\213\355\122\250\213\315\145\366\133\276\213\355\166\204\117\115\177\156}{subsection.2.3}% 29
\BOOKMARK [3][-]{subsubsection.2.3.2}{\376\377\214\023\213\355\122\250\213\315\116\072\116\313\213\315\122\250\213\315\145\366\133\276\213\355\166\204\117\115\177\156}{subsection.2.3}% 30
\BOOKMARK [3][-]{subsubsection.2.3.3}{\376\377\225\364\143\245\133\276\213\355\137\305\230\173\122\115\177\156\166\204\140\305\121\265}{subsection.2.3}% 31
\BOOKMARK [3][-]{subsubsection.2.3.4}{\376\377\225\364\143\245\133\276\213\355\137\305\230\173\124\016\177\156\166\204\140\305\121\265}{subsection.2.3}% 32
\BOOKMARK [3][-]{subsubsection.2.3.5}{\376\377\225\364\143\245\133\276\213\355\117\115\177\156\116\015\226\120\166\204\140\305\121\265}{subsection.2.3}% 33
\BOOKMARK [3][-]{subsubsection.2.3.6}{\376\377\137\142\133\271\213\315\213\315\176\304\117\356\231\160\124\015\213\315\145\366\166\204\133\232\213\355\124\016\177\156}{subsection.2.3}% 34
\BOOKMARK [3][-]{subsubsection.2.3.7}{\376\377\137\142\133\271\213\315\117\356\231\160\116\015\133\232\116\343\213\315\145\366\166\204\133\232\213\355\124\016\177\156}{subsection.2.3}% 35
\BOOKMARK [3][-]{subsubsection.2.3.8}{\376\377\131\032\116\052\133\232\213\355\124\014\145\366\117\356\231\160\166\204\143\222\122\027\230\172\136\217}{subsection.2.3}% 36
\BOOKMARK [3][-]{subsubsection.2.3.9}{\376\377\131\032\116\052\162\266\213\355\124\014\145\366\117\356\231\160\166\204\143\222\122\027\230\172\136\217}{subsection.2.3}% 37
\BOOKMARK [3][-]{subsubsection.2.3.10}{\376\377\145\366\225\364\162\266\213\355\166\204\140\305\121\265}{subsection.2.3}% 38
\BOOKMARK [3][-]{subsubsection.2.3.11}{\376\377\230\221\136\246\162\266\213\355\166\204\140\305\121\265}{subsection.2.3}% 39
\BOOKMARK [3][-]{subsubsection.2.3.12}{\376\377\210\150\171\072\124\046\133\232\141\017\116\111\166\204\162\266\213\355\166\204\140\305\121\265}{subsection.2.3}% 40
\BOOKMARK [3][-]{subsubsection.2.3.13}{\376\377\210\150\171\072\137\072\214\003\141\017\116\111\166\204\162\266\213\355\166\204\140\305\121\265}{subsection.2.3}% 41
\BOOKMARK [3][-]{subsubsection.2.3.14}{\376\377\213\304\213\364\140\047\162\266\213\355\166\204\140\305\121\265}{subsection.2.3}% 42
\BOOKMARK [3][-]{subsubsection.2.3.15}{\376\377\217\336\143\245\140\047\162\266\213\355\166\204\140\305\121\265}{subsection.2.3}% 43
\BOOKMARK [3][-]{subsubsection.2.3.16}{\376\377\122\157\213\315\000e\000n\000o\000u\000g\000h\000\040\120\132\162\266\213\355\166\204\140\305\121\265}{subsection.2.3}% 44
\BOOKMARK [1][-]{section.3}{\376\377\124\015\213\315}{}% 45
\BOOKMARK [2][-]{subsection.3.1}{\376\377\124\015\213\315\166\204\133\232\221\317\210\150\171\072}{section.3}% 46
\BOOKMARK [3][-]{subsubsection.3.1.1}{\376\377\210\150\171\072\116\052\145\160\166\204\123\125\117\115\213\315}{subsection.3.1}% 47
\BOOKMARK [3][-]{subsubsection.3.1.2}{\376\377\210\150\171\072\137\142\162\266\166\204\123\125\117\115\213\315}{subsection.3.1}% 48
\BOOKMARK [3][-]{subsubsection.3.1.3}{\376\377\210\150\171\072\133\271\171\357\166\204\123\125\117\115\213\315}{subsection.3.1}% 49
\BOOKMARK [3][-]{subsubsection.3.1.4}{\376\377\210\150\171\072\162\266\140\001\166\204\123\125\117\115\213\315}{subsection.3.1}% 50
\BOOKMARK [3][-]{subsubsection.3.1.5}{\376\377\121\174\123\357\165\050\116\216\123\357\145\160\124\015\213\315\166\204\123\125\117\115\213\315}{subsection.3.1}% 51
\BOOKMARK [2][-]{subsection.3.2}{\376\377\124\015\213\315\166\204\116\015\133\232\221\317\210\150\171\072}{section.3}% 52
\BOOKMARK [3][-]{subsubsection.3.2.1}{\376\377\123\357\116\345\124\014\145\366\117\356\231\160\116\044\200\005\166\204\116\015\133\232\221\317\210\150\171\072}{subsection.3.2}% 53
\BOOKMARK [3][-]{subsubsection.3.2.2}{\376\377\123\357\116\345\117\356\231\160\123\357\145\160\124\015\213\315\166\204\116\015\133\232\221\317\210\150\171\072}{subsection.3.2}% 54
\BOOKMARK [3][-]{subsubsection.3.2.3}{\376\377\123\357\116\345\117\356\231\160\116\015\123\357\145\160\124\015\213\315\166\204\116\015\133\232\221\317\210\150\171\072}{subsection.3.2}% 55
\BOOKMARK [2][-]{subsection.3.3}{\376\377\124\015\213\315\166\204\131\015\145\160}{section.3}% 56
\BOOKMARK [2][-]{subsection.3.4}{\376\377\124\015\213\315\134\136\150\074}{section.3}% 57
\BOOKMARK [3][-]{subsubsection.3.4.1}{\376\377\134\136\150\074\000'\000s}{subsection.3.4}% 58
\BOOKMARK [3][-]{subsubsection.3.4.2}{\376\377\134\136\150\074\000\040\000o\000f}{subsection.3.4}% 59
\BOOKMARK [3][-]{subsubsection.3.4.3}{\376\377\123\357\116\345\117\177\165\050\116\044\171\315\134\136\150\074\166\204\140\305\121\265}{subsection.3.4}% 60
\BOOKMARK [3][-]{subsubsection.3.4.4}{\376\377\137\305\230\173\165\050\000\040\000o\000f\134\136\150\074\166\204\140\305\121\265}{subsection.3.4}% 61
\BOOKMARK [3][-]{subsubsection.3.4.5}{\376\377\137\305\230\173\165\050\000\040\000'\000s\134\136\150\074\166\204\140\305\121\265}{subsection.3.4}% 62
\BOOKMARK [1][-]{section.4}{\376\377\116\343\213\315}{}% 63
\BOOKMARK [2][-]{subsection.4.1}{\376\377\116\272\171\360\116\343\213\315}{section.4}% 64
\BOOKMARK [2][-]{subsection.4.2}{\376\377\162\151\116\073\116\343\213\315}{section.4}% 65
\BOOKMARK [2][-]{subsection.4.3}{\376\377\201\352\216\253\116\343\213\315}{section.4}% 66
\BOOKMARK [2][-]{subsection.4.4}{\376\377\143\007\171\072\116\343\213\315}{section.4}% 67
\BOOKMARK [3][-]{subsubsection.4.4.1}{\376\377\143\007\171\072\116\343\213\315\166\204\217\321\143\007\124\214\217\334\143\007}{subsection.4.4}% 68
\BOOKMARK [3][-]{subsubsection.4.4.2}{\376\377\143\007\171\072\116\343\213\315\166\204\146\377\116\343\117\134\165\050}{subsection.4.4}% 69
\BOOKMARK [3][-]{subsubsection.4.4.3}{\376\377\143\007\171\072\116\343\213\315\000\040\000s\000u\000c\000h\166\204\165\050\154\325}{subsection.4.4}% 70
\BOOKMARK [2][-]{subsection.4.5}{\376\377\165\221\225\356\116\343\213\315}{section.4}% 71
\BOOKMARK [3][-]{subsubsection.4.5.1}{\376\377\165\221\225\356\116\343\213\315\000\040\000w\000h\000o\000\040\000\040\000\040\000w\000h\000a\000t}{subsection.4.5}% 72
\BOOKMARK [3][-]{subsubsection.4.5.2}{\376\377\165\221\225\356\116\343\213\315\000\040\000w\000h\000i\000c\000h\000\040\000\040\000\040\000w\000h\000o}{subsection.4.5}% 73
\BOOKMARK [3][-]{subsubsection.4.5.3}{\376\377\165\221\225\356\116\343\213\315\000\040\000w\000h\000i\000c\000h\000\040\000\040\000\040\000w\000h\000a\000t}{subsection.4.5}% 74
\BOOKMARK [3][-]{subsubsection.4.5.4}{\376\377\165\221\225\356\116\343\213\315\124\214\116\313\213\315\217\336\165\050\166\204\140\305\121\265}{subsection.4.5}% 75
\BOOKMARK [3][-]{subsubsection.4.5.5}{\376\377\165\221\225\356\116\343\213\315\000\040\000w\000h\000o\000\040\000\040\000\040\000w\000h\000o\000s\000e\000\040\000\040\000\040\000w\000h\000o\000m}{subsection.4.5}% 76
\BOOKMARK [2][-]{subsection.4.6}{\376\377\166\370\116\222\116\343\213\315}{section.4}% 77
\BOOKMARK [2][-]{subsection.4.7}{\376\377\116\015\133\232\116\343\213\315}{section.4}% 78
\BOOKMARK [3][-]{subsubsection.4.7.1}{\376\377\116\015\133\232\116\343\213\315\000\040\000\040\000o\000n\000e\000\040\000\040\000\040\000o\000n\000e\000s}{subsection.4.7}% 79
\BOOKMARK [3][-]{subsubsection.4.7.2}{\376\377\116\015\133\232\116\343\213\315\000\040\000\040\000o\000n\000e\116\016\000\040\000i\000t\166\204\153\324\217\203}{subsection.4.7}% 80
\BOOKMARK [3][-]{subsubsection.4.7.3}{\376\377\116\015\133\232\116\343\213\315\000\040\000\040\000o\000n\000e\116\016\000\040\000t\000h\000a\000t\166\204\153\324\217\203}{subsection.4.7}% 81
\BOOKMARK [3][-]{subsubsection.4.7.4}{\376\377\116\015\133\232\116\343\213\315\000\040\000\040\000\050\000s\000o\000m\000e\000/\000a\000n\000y\000/\000n\000o\000\051\000+\000\050\000b\000o\000d\000y\000/\000t\000h\000i\000n\000g\000\051}{subsection.4.7}% 82
\BOOKMARK [3][-]{subsubsection.4.7.5}{\376\377\116\015\133\232\116\343\213\315\000\040\000\040\000e\000v\000e\000r\000y\000\040\000o\000n\000e\000\040\000\040\000\040\000e\000v\000e\000r\000y\000o\000n\000e\000\040\000\040\000\040\000e\000v\000e\000r\000y\000b\000o\000d\000y\000\040\000\040\000\040\000e\000a\000c\000h}{subsection.4.7}% 83
\BOOKMARK [3][-]{subsubsection.4.7.6}{\376\377\116\015\133\232\116\343\213\315\000\040\000\040\000n\000o\000\040\000o\000n\000e\000\040\000\040\000\040\000n\000o\000b\000o\000d\000y\000\040\000\040\000\040\000n\000o\000n\000e}{subsection.4.7}% 84
\BOOKMARK [3][-]{subsubsection.4.7.7}{\376\377\116\015\133\232\116\343\213\315\000\040\000\040\000a\000n\000y\000\040\000o\000n\000e\000\040\000\040\000\040\000a\000n\000y\000o\000n\000e\000\040\000\040\000\040\000a\000n\000y\000b\000o\000d\000y}{subsection.4.7}% 85
\BOOKMARK [3][-]{subsubsection.4.7.8}{\376\377\116\015\133\232\116\343\213\315\000\040\000\040\000s\000o\000m\000e\000\040\000o\000n\000e\000\040\000\040\000\040\000s\000o\000e\000m\000o\000n\000e\000\040\000\040\000\040\000s\000o\000m\000e\000b\000o\000d\000y}{subsection.4.7}% 86
\BOOKMARK [3][-]{subsubsection.4.7.9}{\376\377\116\015\133\232\116\343\213\315\000\040\000\040\000b\000o\000t\000h\000\040\000\040\000\040\000a\000l\000l}{subsection.4.7}% 87
\BOOKMARK [3][-]{subsubsection.4.7.10}{\376\377\116\015\133\232\116\343\213\315\000\040\000\040\000e\000i\000t\000h\000e\000r\000\040\000\040\000\040\000n\000e\000i\000t\000h\000e\000r\000\040\000\040\000\040\000n\000o\000n\000e}{subsection.4.7}% 88
\BOOKMARK [3][-]{subsubsection.4.7.11}{\376\377\116\015\133\232\116\343\213\315\000\040\000\040\000a\000n\000o\000t\000h\000e\000r\000\040\000\040\000\040\000o\000t\000h\000e\000r\000s\000\040\000\040\000\040\000t\000h\000e\000\040\000o\000t\000h\000e\000r\000s\000\040\000\040\000\040\000t\000h\000e\000\040\000o\000t\000h\000e\000r}{subsection.4.7}% 89
\BOOKMARK [1][-]{section.5}{\376\377\226\120\133\232\213\315}{}% 90
\BOOKMARK [2][-]{subsection.5.1}{\376\377\226\120\133\232\213\315\117\356\231\160\124\015\213\315\166\204\165\050\154\325\153\324\217\203}{section.5}% 91
\BOOKMARK [3][-]{subsubsection.5.1.1}{\376\377\226\120\133\232\213\315\000\040\000\040\000a\000n\000o\000t\000h\000e\000r\000\040\000\040\000\040\000o\000t\000h\000e\000r}{subsection.5.1}% 92
\BOOKMARK [3][-]{subsubsection.5.1.2}{\376\377\226\120\133\232\213\315\000\040\000\040\000e\000i\000t\000h\000e\000r\000\040\000\040\000\040\000n\000e\000i\000t\000h\000e\000r}{subsection.5.1}% 93
\BOOKMARK [3][-]{subsubsection.5.1.3}{\376\377\226\120\133\232\213\315\000\040\000\040\000e\000i\000t\000h\000e\000r\000\040\000\040\000\040\000e\000v\000e\000r\000y}{subsection.5.1}% 94
\BOOKMARK [3][-]{subsubsection.5.1.4}{\376\377\226\120\133\232\213\315\000\040\000\040\000b\000o\000t\000h\000\040\000\040\000\040\000a\000l\000l}{subsection.5.1}% 95
\BOOKMARK [3][-]{subsubsection.5.1.5}{\376\377\226\120\133\232\213\315\000\040\000\040\000s\000o\000m\000e\000\040\000\040\000\040\000a\000n\000y}{subsection.5.1}% 96
\BOOKMARK [3][-]{subsubsection.5.1.6}{\376\377\226\120\133\232\213\315\000\040\000\040\000f\000e\000w\000\040\000\040\000\040\000l\000i\000t\000t\000l\000e}{subsection.5.1}% 97
\BOOKMARK [3][-]{subsubsection.5.1.7}{\376\377\226\120\133\232\213\315\000\040\000\040\000s\000e\000r\000v\000a\000l}{subsection.5.1}% 98
\BOOKMARK [3][-]{subsubsection.5.1.8}{\376\377\226\120\133\232\213\315\000\040\000\040\000m\000a\000n\000y\000\040\000\040\000\040\000m\000u\000c\000h}{subsection.5.1}% 99
\BOOKMARK [3][-]{subsubsection.5.1.9}{\376\377\226\120\133\232\213\315\000\040\000\040\000n\000o}{subsection.5.1}% 100
\BOOKMARK [2][-]{subsection.5.2}{\376\377\226\120\133\232\213\315\116\016\210\150\171\072\145\366\225\364\166\204\124\015\213\315\166\204\144\055\221\115}{section.5}% 101
\BOOKMARK [3][-]{subsubsection.5.2.1}{\376\377\226\120\133\232\213\315\000\040\000\040\000t\000h\000i\000s\000\040\000\040\000\040\000t\000h\000e\000s\000e\000\040\000\040\000\040\000t\000h\000a\000t\000\040\000\040\000\040\000t\000h\000o\000s\000e}{subsection.5.2}% 102
\BOOKMARK [3][-]{subsubsection.5.2.2}{\376\377\226\120\133\232\213\315\000\040\000\040\000n\000e\000x\000t}{subsection.5.2}% 103
\BOOKMARK [3][-]{subsubsection.5.2.3}{\376\377\226\120\133\232\213\315\000\040\000\040\000l\000a\000s\000t}{subsection.5.2}% 104
\BOOKMARK [3][-]{subsubsection.5.2.4}{\376\377\226\120\133\232\213\315\000\040\000\040\000e\000v\000e\000r\000y\000\040\000\040\000\040\000a\000n\000o\000t\000h\000e\000r\000\040\000\040\000\040\000o\000t\000h\000e\000r}{subsection.5.2}% 105
\BOOKMARK [3][-]{subsubsection.5.2.5}{\376\377\226\120\133\232\213\315\000\040\000\040\000o\000n\000e}{subsection.5.2}% 106
\BOOKMARK [3][-]{subsubsection.5.2.6}{\376\377\226\120\133\232\213\315\000\040\000\040\000a\000l\000l}{subsection.5.2}% 107
\BOOKMARK [3][-]{subsubsection.5.2.7}{\376\377\210\150\171\072\230\221\136\246}{subsection.5.2}% 108
\BOOKMARK [1][-]{section.6}{\376\377\121\240\213\315}{}% 109
\BOOKMARK [2][-]{subsection.6.1}{\376\377\121\240\213\315\210\150\171\072\174\173\143\007}{section.6}% 110
\BOOKMARK [3][-]{subsubsection.6.1.1}{\376\377\133\232\121\240\213\315\000\040\000t\000h\000e\116\016\226\306\117\123\124\015\213\315\217\336\165\050}{subsection.6.1}% 111
\BOOKMARK [3][-]{subsubsection.6.1.2}{\376\377\133\232\121\240\213\315\000\040\000t\000h\000e\116\016\137\142\133\271\213\315\217\336\165\050}{subsection.6.1}% 112
\BOOKMARK [2][-]{subsection.6.2}{\376\377\121\240\213\315\210\150\171\072\221\317\136\246}{section.6}% 113
\BOOKMARK [2][-]{subsection.6.3}{\376\377\121\240\213\315\166\204\154\333\143\007\124\214\162\171\143\007}{section.6}% 114
\BOOKMARK [3][-]{subsubsection.6.3.1}{\376\377\124\015\213\315\136\046\117\356\231\160\213\355\145\366\166\204\121\240\213\315\165\050\154\325}{subsection.6.3}% 115
\BOOKMARK [3][-]{subsubsection.6.3.2}{\376\377\140\305\146\157\142\100\143\007}{subsection.6.3}% 116
\BOOKMARK [3][-]{subsubsection.6.3.3}{\376\377\210\150\171\072\172\172\225\364\145\366\225\364\166\204\124\015\213\315}{subsection.6.3}% 117
\BOOKMARK [3][-]{subsubsection.6.3.4}{\376\377\210\150\171\072\201\352\161\066\116\213\162\151\166\204\124\015\213\315}{subsection.6.3}% 118
\BOOKMARK [3][-]{subsubsection.6.3.5}{\376\377\145\366\225\364\166\204\162\171\143\007\116\016\154\333\143\007}{subsection.6.3}% 119
\BOOKMARK [3][-]{subsubsection.6.3.6}{\376\377\177\244\117\123\166\204\162\171\143\007\116\016\154\333\143\007}{subsection.6.3}% 120
\BOOKMARK [3][-]{subsubsection.6.3.7}{\376\377\136\217\145\160\213\315\124\214\121\240\213\315\166\204\217\336\165\050}{subsection.6.3}% 121
\BOOKMARK [3][-]{subsubsection.6.3.8}{\376\377\153\324\217\203\176\323\147\204\116\055\121\240\213\315\166\204\117\177\165\050}{subsection.6.3}% 122
\BOOKMARK [2][-]{subsection.6.4}{\376\377\121\240\213\315\127\050\116\015\124\014\140\305\121\265\116\013\166\204\117\177\165\050}{section.6}% 123
\BOOKMARK [3][-]{subsubsection.6.4.1}{\376\377\210\150\171\072\127\060\160\271\166\204\124\015\213\315}{subsection.6.4}% 124
\BOOKMARK [3][-]{subsubsection.6.4.2}{\376\377\210\150\171\072\116\244\220\032\135\345\121\167}{subsection.6.4}% 125
\BOOKMARK [3][-]{subsubsection.6.4.3}{\376\377\210\150\171\072\116\120\126\150\217\320\122\250}{subsection.6.4}% 126
\BOOKMARK [3][-]{subsubsection.6.4.4}{\376\377\210\150\171\072\116\000\145\345\116\011\231\020}{subsection.6.4}% 127
\BOOKMARK [3][-]{subsubsection.6.4.5}{\376\377\210\150\171\072\162\171\133\232\176\323\147\204}{subsection.6.4}% 128
\BOOKMARK [3][-]{subsubsection.6.4.6}{\376\377\121\240\213\315\140\357\165\050\154\325}{subsection.6.4}% 129
\BOOKMARK [3][-]{subsubsection.6.4.7}{\376\377\145\366\225\364\210\150\217\276\116\055\121\240\213\315\166\204\117\177\165\050}{subsection.6.4}% 130
\BOOKMARK [3][-]{subsubsection.6.4.8}{\376\377\116\023\165\050\124\015\213\315\122\115\121\240\213\315\166\204\117\177\165\050}{subsection.6.4}% 131
\BOOKMARK [1][-]{section.7}{\376\377\145\160\213\315}{}% 132
\BOOKMARK [2][-]{subsection.7.1}{\376\377\127\372\145\160\213\315\124\214\136\217\145\160\213\315\166\204\142\374\121\231}{section.7}% 133
\BOOKMARK [2][-]{subsection.7.2}{\376\377\121\166\116\326\145\160\166\204\210\150\171\072}{section.7}% 134
\BOOKMARK [2][-]{subsection.7.3}{\376\377\213\315\213\355\000\040\000h\000a\000l\000f\166\204\165\050\154\325}{section.7}% 135
